<?xml version="1.0" encoding="UTF-8"?>
<!-- Generated by org.testng.reporters.JUnitXMLReporter -->
<testsuite ignored="0" hostname="LAPTOP-4FN0AGO1" failures="0" tests="2" name="EdgeTest" time="64.867" errors="0" timestamp="2023-04-14T22:03:57 IST">
  <testcase classname="test.VerifyProductsAreDisplayedPostSearch" name="verifyProductsAreDisplayedForValidSearch" time="0.0">
    <skipped/>
  </testcase> <!-- verifyProductsAreDisplayedForValidSearch -->
  <testcase classname="test.VerifyProductsAreDisplayedPostSearch" name="verifyProductsAreNotDisplayedForInvalidSearch" time="0.0">
    <skipped/>
  </testcase> <!-- verifyProductsAreNotDisplayedForInvalidSearch -->
</testsuite> <!-- EdgeTest -->
